<?xml version="1.0" encoding="UTF-8"?>
<!-- Generated by org.testng.reporters.JUnitReportReporter -->
<testsuite skipped="0" hostname="LAPTOP-PP7LTPN0" name="kdf.Application" tests="1" failures="0" timestamp="30 May 2019 15:32:14 GMT" time="149.960" errors="0">
  <testcase name="applicationLoginTest" time="149.960" classname="kdf.Application"/>
</testsuite> <!-- kdf.Application -->
